<?xml version="1.0" encoding="UTF-8" ?>
<testsuite errors="1" failures="0" hostname="misty" name="util.BeanUtilsTest" tests="1" time="0.095" timestamp="2011-05-16T00:04:02">
  <properties>
    <property name="libs.jsp-compiler.javadoc" value="" />
    <property name="netbeans.autoupdate.country" value="JP" />
    <property name="javac.test.classpath" value="lib/commons-beanutils-1.8.3-javadoc.jar:lib/commons-beanutils-1.8.3-sources.jar:lib/commons-beanutils-1.8.3.jar:lib/commons-beanutils-bean-collections-1.8.3.jar:lib/commons-beanutils-core-1.8.3.jar:lib/commons-lang-2.6-javadoc.jar:lib/commons-lang-2.6-sources.jar:lib/commons-lang-2.6.jar:lib/commons-logging-1.1.1.jar:build/classes:/home/hiro/NetBeansProjects/phtom-library/lib/junit_4/junit-4.8.2.jar" />
    <property name="libs.jsf20.maven-pom" value="" />
    <property name="libs.junit.javadoc" value="/home/hiro/NetBeansProjects/phtom-library/lib/junit/junit-3.8.2-api.zip" />
    <property name="ant.core.lib" value="/home/hiro/netbeans-7.0/java/ant/lib/ant.jar" />
    <property name="libs.swing-app-framework.src" value="" />
    <property name="javadoc.windowtitle" value="" />
    <property name="libs.toplink.classpath" value="/home/hiro/netbeans-7.0/java/modules/ext/toplink/toplink-essentials.jar:/home/hiro/netbeans-7.0/java/modules/ext/toplink/toplink-essentials-agent.jar" />
    <property name="libs.jsp-compilation.javadoc" value="" />
    <property name="user.dir" value="/home/hiro/NetBeansProjects/phtom-library" />
    <property name="libs.hibernate-persistence.javadoc" value="" />
    <property name="java.vm.version" value="20.0-b11" />
    <property name="libs.jstl11.maven-pom" value="" />
    <property name="libs.Java-EE-GlassFish-v3.wsimport" value="" />
    <property name="libs.MySQLDriver.classpath" value="/home/hiro/netbeans-7.0/ide/modules/ext/mysql-connector-java-5.1.13-bin.jar" />
    <property name="libs.eclipselinkmodelgen.src" value="" />
    <property name="libs.jstl11.src" value="" />
    <property name="javadoc.notree" value="false" />
    <property name="netbeans.autoupdate.version" value="1.23" />
    <property name="libs.EclipseLink-GlassFish-v3.classpath" value="/home/hiro/glassfish-3.1/glassfish/modules/org.eclipse.persistence.asm.jar:/home/hiro/glassfish-3.1/glassfish/modules/org.eclipse.persistence.oracle.jar:/home/hiro/glassfish-3.1/glassfish/modules/org.eclipse.persistence.antlr.jar:/home/hiro/glassfish-3.1/glassfish/modules/org.eclipse.persistence.core.jar:/home/hiro/glassfish-3.1/glassfish/modules/org.eclipse.persistence.jpa.jar:/home/hiro/glassfish-3.1/glassfish/modules/org.eclipse.persistence.jpa.modelgen.jar:/home/hiro/glassfish-3.1/glassfish/modules/javax.persistence.jar" />
    <property name="file.reference.commons-beanutils-1.8.3.jar" value="lib/commons-beanutils-1.8.3.jar" />
    <property name="libs.javaee-web-api-6.0.classpath" value="/home/hiro/netbeans-7.0/enterprise/modules/ext/javaee-web-api-6.0.jar" />
    <property name="libs.hibernate-support.maven-pom" value="" />
    <property name="libs.hibernate-support.javadoc" value="" />
    <property name="jdk.home" value="/opt/java" />
    <property name="libs.javac-api.src" value="" />
    <property name="javadoc.noindex" value="false" />
    <property name="sun.os.patch.level" value="unknown" />
    <property name="java.vm.specification.name" value="Java Virtual Machine Specification" />
    <property name="nb.show.statistics.ui" value="usageStatisticsEnabled" />
    <property name="netbeans.autoupdate.variant" value="" />
    <property name="have.tests" value="true" />
    <property name="org.xml.sax.driver" value="com.sun.org.apache.xerces.internal.jaxp.SAXParserImpl$JAXPSAXParser" />
    <property name="ant.file.type.phtom-library" value="file" />
    <property name="libs.javac-api.javadoc" value="" />
    <property name="os.name" value="Linux" />
    <property name="libs.beans-binding.classpath" value="/home/hiro/netbeans-7.0/java/modules/ext/beansbinding-1.2.1.jar" />
    <property name="ap.proc.none.internal" value="" />
    <property name="org.whattf.datatype.lang-registry" value="jar:file:/home/hiro/netbeans-7.0/ide/modules/ext/validator.jar!/nu/validator/localentities/files/www_iana_org_assignments_language_subtag_registry" />
    <property name="libs.restapi.javadoc" value="/home/hiro/netbeans-7.0/enterprise/docs/jsr311-api-1.1.1-javadoc.zip" />
    <property name="libs.JWSAntTasks.maven-pom" value="" />
    <property name="jnlp.signing.keystore" value="" />
    <property name="nu.validator.spec.alt-advice" value="jar:file:/home/hiro/netbeans-7.0/ide/modules/ext/validator.jar!/nu/validator/localentities/files/wiki_whatwg_org_wiki_Validator_nu_alt_advice" />
    <property name="libs.spring-webmvc3.0.src" value="" />
    <property name="libs.restapi.classpath" value="/home/hiro/netbeans-7.0/enterprise/modules/ext/rest/jsr311-api-1.1.1.jar" />
    <property name="java.vendor.url.bug" value="http://java.sun.com/cgi-bin/bugreport.cgi" />
    <property name="libs.jaxb.maven-pom" value="" />
    <property name="os.arch" value="amd64" />
    <property name="libs.eclipselink.src" value="" />
    <property name="user.name" value="hiro" />
    <property name="libs.jsf12.javadoc" value="/home/hiro/netbeans-7.0/enterprise/docs/javaee6-doc-api.zip" />
    <property name="libs.Comet-GlassFish-v3.javadoc" value="" />
    <property name="libs.spring-webmvc3.0.maven-pom" value="" />
    <property name="libs.swing-layout.maven-pom" value="" />
    <property name="sun.java.command" value="org.apache.tools.ant.taskdefs.optional.junit.JUnitTestRunner util.BeanUtilsTest filtertrace=true haltOnError=false haltOnFailure=false showoutput=true outputtoformatters=true logfailedtests=true logtestlistenerevents=true formatter=org.apache.tools.ant.taskdefs.optional.junit.BriefJUnitResultFormatter formatter=org.apache.tools.ant.taskdefs.optional.junit.XMLJUnitResultFormatter,/home/hiro/NetBeansProjects/phtom-library/build/test/results/TEST-util.BeanUtilsTest.xml crashfile=/home/hiro/NetBeansProjects/phtom-library/build/junitvmwatcher5813211040424038512.properties propsfile=/home/hiro/NetBeansProjects/phtom-library/build/junit1684840451485458479.properties" />
    <property name="build.classes.dir" value="build/classes" />
    <property name="netbeans.accept_license_class" value="org.netbeans.license.AcceptLicense" />
    <property name="jnlp.descriptor" value="application" />
    <property name="libs.Java-EE-GlassFish-v3.wsjwsdp" value="" />
    <property name="build.sysclasspath" value="ignore" />
    <property name="ap.supported.internal" value="true" />
    <property name="libs.jaxws21.javadoc" value="/home/hiro/netbeans-7.0/java/docs/jaxws-api-doc.zip" />
    <property name="includes" value="**" />
    <property name="user.country" value="JP" />
    <property name="libs.jstl11.javadoc" value="/home/hiro/netbeans-7.0/enterprise/docs/javaee6-doc-api.zip" />
    <property name="javadoc.encoding" value="UTF-8" />
    <property name="javac.classpath" value="lib/commons-beanutils-1.8.3-javadoc.jar:lib/commons-beanutils-1.8.3-sources.jar:lib/commons-beanutils-1.8.3.jar:lib/commons-beanutils-bean-collections-1.8.3.jar:lib/commons-beanutils-core-1.8.3.jar:lib/commons-lang-2.6-javadoc.jar:lib/commons-lang-2.6-sources.jar:lib/commons-lang-2.6.jar:lib/commons-logging-1.1.1.jar" />
    <property name="libs.jsp-compilation-syscp.src" value="" />
    <property name="debug-transport" value="dt_socket" />
    <property name="netbeans.home" value="/home/hiro/netbeans-7.0/platform" />
    <property name="build.compiler.emacs" value="true" />
    <property name="libs.javaee-web-api-6.0.src" value="" />
    <property name="libs.ejb3-persistence.src" value="" />
    <property name="libs.Java-EE-GlassFish-v3.javadoc" value="/home/hiro/netbeans-7.0/enterprise/docs/javaee6-doc-api.zip" />
    <property name="libs.jsp-compilation-syscp.classpath" value="/home/hiro/netbeans-7.0/java/ant/lib/ant.jar:/home/hiro/netbeans-7.0/enterprise/modules/ext/servlet3.0-jsp2.2-api.jar:/home/hiro/netbeans-7.0/enterprise/modules/ext/glassfish-jspparser-3.0.jar:/home/hiro/netbeans-7.0/enterprise/modules/ext/standard.jar:/home/hiro/netbeans-7.0/enterprise/modules/ext/jsf-2_0/jsf-impl.jar" />
    <property name="file.reference.commons-beanutils-1.8.3-javadoc.jar" value="lib/commons-beanutils-1.8.3-javadoc.jar" />
    <property name="file.reference.commons-lang-2.6-sources.jar" value="lib/commons-lang-2.6-sources.jar" />
    <property name="java.endorsed.dirs" value="/opt/java/jre/lib/endorsed" />
    <property name="libs.Comet-GlassFish-v3.maven-pom" value="" />
    <property name="netbeans.dynamic.classpath" value="/home/hiro/netbeans-7.0/platform/core/core.jar:/home/hiro/netbeans-7.0/platform/core/org-openide-filesystems.jar:/home/hiro/netbeans-7.0/platform/core/locale/org-openide-filesystems_ru.jar:/home/hiro/netbeans-7.0/platform/core/locale/core_ru.jar:/home/hiro/netbeans-7.0/platform/core/locale/core_pt_BR.jar:/home/hiro/netbeans-7.0/platform/core/locale/org-openide-filesystems_pt_BR.jar:/home/hiro/netbeans-7.0/platform/core/locale/org-openide-filesystems_ja.jar:/home/hiro/netbeans-7.0/platform/core/locale/org-openide-filesystems_zh_CN.jar:/home/hiro/netbeans-7.0/platform/core/locale/core_zh_CN.jar:/home/hiro/netbeans-7.0/platform/core/locale/core_ja.jar:/home/hiro/netbeans-7.0/nb/core/org-netbeans-upgrader.jar:/home/hiro/netbeans-7.0/nb/core/locale/org-netbeans-upgrader_pt_BR.jar:/home/hiro/netbeans-7.0/nb/core/locale/org-netbeans-upgrader_ja.jar:/home/hiro/netbeans-7.0/nb/core/locale/core_nb_ru.jar:/home/hiro/netbeans-7.0/nb/core/locale/org-netbeans-upgrader_ru.jar:/home/hiro/netbeans-7.0/nb/core/locale/core_nb_zh_CN.jar:/home/hiro/netbeans-7.0/nb/core/locale/core_nb.jar:/home/hiro/netbeans-7.0/nb/core/locale/core_nb_pt_BR.jar:/home/hiro/netbeans-7.0/nb/core/locale/core_nb_ja.jar:/home/hiro/netbeans-7.0/nb/core/locale/org-netbeans-upgrader_zh_CN.jar" />
    <property name="jnlp.enabled" value="false" />
    <property name="java.vm.specification.version" value="1.0" />
    <property name="libs.primefaces.classpath" value="/home/hiro/netbeans-7.0/enterprise/modules/ext/primefaces/primefaces-2.2.1.jar" />
    <property name="libs.javaee-api-6.0.classpath" value="/home/hiro/netbeans-7.0/enterprise/modules/ext/javaee-api-6.0.jar" />
    <property name="libs.hibernate-persistence.classpath" value="/home/hiro/netbeans-7.0/java/modules/ext/hibernate/antlr-2.7.6.jar:/home/hiro/netbeans-7.0/java/modules/ext/hibernate/asm.jar:/home/hiro/netbeans-7.0/java/modules/ext/hibernate/asm-attrs.jar:/home/hiro/netbeans-7.0/java/modules/ext/hibernate/cglib-2.1.3.jar:/home/hiro/netbeans-7.0/java/modules/ext/hibernate/commons-collections-2.1.1.jar:/home/hiro/netbeans-7.0/ide/modules/ext/commons-logging-1.1.jar:/home/hiro/netbeans-7.0/java/modules/ext/hibernate/dom4j-1.6.1.jar:/home/hiro/netbeans-7.0/java/modules/ext/hibernate/ehcache-1.2.3.jar:/home/hiro/netbeans-7.0/java/modules/ext/hibernate/jdbc2_0-stdext.jar:/home/hiro/netbeans-7.0/java/modules/ext/hibernate/jta.jar:/home/hiro/netbeans-7.0/java/modules/ext/hibernate/hibernate3.jar:/home/hiro/netbeans-7.0/java/modules/ext/hibernate/hibernate-tools.jar:/home/hiro/netbeans-7.0/java/modules/ext/hibernate/hibernate-annotations.jar:/home/hiro/netbeans-7.0/java/modules/ext/hibernate/hibernate-commons-annotations.jar:/home/hiro/netbeans-7.0/java/modules/ext/hibernate/hibernate-entitymanager.jar:/home/hiro/netbeans-7.0/java/modules/ext/hibernate/javassist.jar:/home/hiro/netbeans-7.0/java/modules/ext/hibernate/ejb3-persistence.jar" />
    <property name="libs.jaxws21.src" value="" />
    <property name="application.title" value="phtom-library" />
    <property name="do.archive" value="true" />
    <property name="libs.swing-app-framework.classpath" value="/home/hiro/netbeans-7.0/java/modules/ext/appframework-1.0.3.jar:/home/hiro/netbeans-7.0/java/modules/ext/swing-worker-1.1.jar" />
    <property name="netbeans.autoupdate.language" value="ja" />
    <property name="java.vendor" value="Sun Microsystems Inc." />
    <property name="libs.javaee-api-6.0.javadoc" value="/home/hiro/netbeans-7.0/enterprise/docs/javaee6-doc-api.zip" />
    <property name="jar.index.metainf" value="false" />
    <property name="javac.debug" value="true" />
    <property name="javadoc.splitindex" value="true" />
    <property name="file.separator" value="/" />
    <property name="libs.restlib_gfv3ee6.classpath" value="/home/hiro/glassfish-3.1/glassfish/modules/jackson-core-asl.jar:/home/hiro/glassfish-3.1/glassfish/modules/jackson-jaxrs.jar:/home/hiro/glassfish-3.1/glassfish/modules/jackson-mapper-asl.jar:/home/hiro/glassfish-3.1/glassfish/modules/jersey-client.jar:/home/hiro/glassfish-3.1/glassfish/modules/jersey-core.jar:/home/hiro/glassfish-3.1/glassfish/modules/jersey-gf-server.jar:/home/hiro/glassfish-3.1/glassfish/modules/jersey-json.jar:/home/hiro/glassfish-3.1/glassfish/modules/jersey-multipart.jar:/home/hiro/glassfish-3.1/glassfish/modules/jettison.jar:/home/hiro/glassfish-3.1/glassfish/modules/mimepull.jar" />
    <property name="libs.junit_4.maven-pom" value="" />
    <property name="mkdist.disabled" value="true" />
    <property name="javac.test.processorpath" value="lib/commons-beanutils-1.8.3-javadoc.jar:lib/commons-beanutils-1.8.3-sources.jar:lib/commons-beanutils-1.8.3.jar:lib/commons-beanutils-bean-collections-1.8.3.jar:lib/commons-beanutils-core-1.8.3.jar:lib/commons-lang-2.6-javadoc.jar:lib/commons-lang-2.6-sources.jar:lib/commons-lang-2.6.jar:lib/commons-logging-1.1.1.jar:build/classes:/home/hiro/NetBeansProjects/phtom-library/lib/junit_4/junit-4.8.2.jar" />
    <property name="netbeans.buildnumber" value="201104080000" />
    <property name="libs.JWSAntTasks.javadoc" value="" />
    <property name="build.generated.sources.dir" value="build/generated-sources" />
    <property name="libs.eclipselinkmodelgen.classpath" value="/home/hiro/netbeans-7.0/java/modules/ext/eclipselink/eclipselink-jpa-modelgen-2.2.0.jar" />
    <property name="libs.Java-EE-GlassFish-v3.wscompile" value="" />
    <property name="sun.java.launcher" value="SUN_STANDARD" />
    <property name="libs.junit.classpath" value="/home/hiro/NetBeansProjects/phtom-library/lib/junit/junit-3.8.2.jar" />
    <property name="libs.jaxb.javadoc" value="/home/hiro/netbeans-7.0/ide/docs/jaxb-api-doc.zip" />
    <property name="libs.struts.classpath" value="/home/hiro/netbeans-7.0/enterprise/modules/ext/struts/antlr-2.7.2.jar:/home/hiro/netbeans-7.0/enterprise/modules/ext/struts/bsf-2.3.0.jar:/home/hiro/netbeans-7.0/enterprise/modules/ext/struts/commons-beanutils-1.7.0.jar:/home/hiro/netbeans-7.0/enterprise/modules/ext/struts/commons-chain-1.1.jar:/home/hiro/netbeans-7.0/enterprise/modules/ext/struts/commons-digester-1.8.jar:/home/hiro/netbeans-7.0/enterprise/modules/ext/struts/commons-fileupload-1.1.1.jar:/home/hiro/netbeans-7.0/enterprise/modules/ext/struts/commons-io-1.1.jar:/home/hiro/netbeans-7.0/enterprise/modules/ext/struts/commons-logging-1.0.4.jar:/home/hiro/netbeans-7.0/enterprise/modules/ext/struts/commons-validator-1.3.1.jar:/home/hiro/netbeans-7.0/enterprise/modules/ext/struts/jstl-1.0.2.jar:/home/hiro/netbeans-7.0/enterprise/modules/ext/struts/oro-2.0.8.jar:/home/hiro/netbeans-7.0/enterprise/modules/ext/struts/standard-1.0.2.jar:/home/hiro/netbeans-7.0/enterprise/modules/ext/struts/struts-core-1.3.8.jar:/home/hiro/netbeans-7.0/enterprise/modules/ext/struts/struts-el-1.3.8.jar:/home/hiro/netbeans-7.0/enterprise/modules/ext/struts/struts-extras-1.3.8.jar:/home/hiro/netbeans-7.0/enterprise/modules/ext/struts/struts-faces-1.3.8.jar:/home/hiro/netbeans-7.0/enterprise/modules/ext/struts/struts-mailreader-dao-1.3.8.jar:/home/hiro/netbeans-7.0/enterprise/modules/ext/struts/struts-scripting-1.3.8.jar:/home/hiro/netbeans-7.0/enterprise/modules/ext/struts/struts-taglib-1.3.8.jar:/home/hiro/netbeans-7.0/enterprise/modules/ext/struts/struts-tiles-1.3.8.jar" />
    <property name="ant.home" value="/home/hiro/netbeans-7.0/java/ant" />
    <property name="libs.junit_4.src" value="/home/hiro/NetBeansProjects/phtom-library/lib/junit_4/junit-4.8.2-src.jar" />
    <property name="libs.absolutelayout.maven-pom" value="" />
    <property name="ant.java.version" value="1.6" />
    <property name="java.library.path" value="/opt/java/jre/lib/amd64/server:/opt/java/jre/lib/amd64:/opt/java/jre/../lib/amd64:/usr/java/packages/lib/amd64:/usr/lib64:/lib64:/lib:/usr/lib" />
    <property name="javadoc.author" value="false" />
    <property name="libs.metro.maven-pom" value="" />
    <property name="libs.EclipseLink-GlassFish-v3.src" value="" />
    <property name="java.util.logging.config.class" value="org.netbeans.core.startup.TopLogging" />
    <property name="libs.PostgreSQLDriver.src" value="" />
    <property name="sun.arch.data.model" value="64" />
    <property name="basedir" value="/home/hiro/NetBeansProjects/phtom-library" />
    <property name="jar.compress" value="true" />
    <property name="libs.jstl11.classpath" value="/home/hiro/netbeans-7.0/enterprise/modules/ext/standard.jar:/home/hiro/netbeans-7.0/enterprise/modules/ext/jstl.jar" />
    <property name="path.separator" value=":" />
    <property name="libs.javaee-web-api-6.0.javadoc" value="/home/hiro/netbeans-7.0/enterprise/docs/javaee6-doc-api.zip" />
    <property name="ant.junit.enabletestlistenerevents" value="true" />
    <property name="sun.io.unicode.encoding" value="UnicodeLittle" />
    <property name="libs.jaxws21.classpath" value="/home/hiro/netbeans-7.0/ide/modules/ext/jaxb/jaxb-impl.jar:/home/hiro/netbeans-7.0/ide/modules/ext/jaxb/jaxb-xjc.jar:/home/hiro/netbeans-7.0/java/modules/ext/jaxws22/FastInfoset.jar:/home/hiro/netbeans-7.0/java/modules/ext/jaxws22/gmbal-api-only.jar:/home/hiro/netbeans-7.0/java/modules/ext/jaxws22/http.jar:/home/hiro/netbeans-7.0/java/modules/ext/jaxws22/jaxws-rt.jar:/home/hiro/netbeans-7.0/java/modules/ext/jaxws22/jaxws-tools.jar:/home/hiro/netbeans-7.0/java/modules/ext/jaxws22/management-api.jar:/home/hiro/netbeans-7.0/java/modules/ext/jaxws22/mimepull.jar:/home/hiro/netbeans-7.0/java/modules/ext/jaxws22/policy.jar:/home/hiro/netbeans-7.0/java/modules/ext/jaxws22/saaj-impl.jar:/home/hiro/netbeans-7.0/java/modules/ext/jaxws22/stax-ex.jar:/home/hiro/netbeans-7.0/java/modules/ext/jaxws22/streambuffer.jar:/home/hiro/netbeans-7.0/java/modules/ext/jaxws22/woodstox.jar:/home/hiro/netbeans-7.0/java/modules/ext/jaxws22/api/jaxws-api.jar:/home/hiro/netbeans-7.0/java/modules/ext/jaxws22/api/jsr181-api.jar:/home/hiro/netbeans-7.0/java/modules/ext/jaxws22/api/jsr250-api.jar:/home/hiro/netbeans-7.0/java/modules/ext/jaxws22/api/saaj-api.jar:/home/hiro/netbeans-7.0/ide/modules/ext/jaxb/activation.jar:/home/hiro/netbeans-7.0/ide/modules/ext/jaxb/api/jaxb-api.jar:/home/hiro/netbeans-7.0/ide/modules/ext/jaxb/api/jsr173_api.jar" />
    <property name="libs.struts.src" value="" />
    <property name="compile.on.save" value="true" />
    <property name="apple.awt.graphics.UseQuartz" value="true" />
    <property name="user.language" value="ja" />
    <property name="libs.spring-framework.classpath" value="/home/hiro/netbeans-7.0/ide/modules/ext/commons-logging-1.1.jar:/home/hiro/netbeans-7.0/java/modules/ext/cglib-2.2.jar:/home/hiro/netbeans-7.0/java/modules/ext/spring/spring-2.5.6.SEC01.jar" />
    <property name="libs.eclipselink.maven-pom" value="" />
    <property name="org.whattf.datatype.charset-registry" value="jar:file:/home/hiro/netbeans-7.0/ide/modules/ext/validator.jar!/nu/validator/localentities/files/www_iana_org_assignments_character_sets" />
    <property name="application.vendor" value="hiro" />
    <property name="libs.primefaces.javadoc" value="" />
    <property name="libs.spring-framework300.maven-pom" value="" />
    <property name="run.test.classpath" value="lib/commons-beanutils-1.8.3-javadoc.jar:lib/commons-beanutils-1.8.3-sources.jar:lib/commons-beanutils-1.8.3.jar:lib/commons-beanutils-bean-collections-1.8.3.jar:lib/commons-beanutils-core-1.8.3.jar:lib/commons-lang-2.6-javadoc.jar:lib/commons-lang-2.6-sources.jar:lib/commons-lang-2.6.jar:lib/commons-logging-1.1.1.jar:build/classes:/home/hiro/NetBeansProjects/phtom-library/lib/junit_4/junit-4.8.2.jar:build/test/classes" />
    <property name="ant.project.invoked-targets" value="test" />
    <property name="useJavaUtilZip" value="true" />
    <property name="libs.swing-layout.javadoc" value="/home/hiro/netbeans-7.0/platform/docs/swing-layout-1.0.4-doc.zip" />
    <property name="libs.swing-app-framework.javadoc" value="/home/hiro/netbeans-7.0/java/docs/appframework-1.0.3-doc.zip" />
    <property name="libs.ejb3-persistence.maven-pom" value="" />
    <property name="file.reference.commons-beanutils-bean-collections-1.8.3.jar" value="lib/commons-beanutils-bean-collections-1.8.3.jar" />
    <property name="libs.PostgreSQLDriver.maven-pom" value="" />
    <property name="java.class.version" value="50.0" />
    <property name="libs.javaee-endorsed-api-6.0.src" value="" />
    <property name="libs.eclipselink.javadoc" value="" />
    <property name="do.depend.true" value="true" />
    <property name="libs.jsp-compilation.maven-pom" value="" />
    <property name="user.properties.file" value="/home/hiro/.netbeans/7.0/build.properties" />
    <property name="runtime.encoding" value="UTF-8" />
    <property name="libs.spring-framework.src" value="" />
    <property name="libs.javac-api.maven-pom" value="" />
    <property name="file.encoding.pkg" value="sun.io" />
    <property name="sun.cpu.endian" value="little" />
    <property name="libs.JWSAntTasks.classpath" value="/home/hiro/netbeans-7.0/java/ant/extra/org-netbeans-modules-javawebstart-anttasks.jar" />
    <property name="libs.spring-framework300.src" value="" />
    <property name="empty.dir" value="/home/hiro/NetBeansProjects/phtom-library/build/empty" />
    <property name="version-output" value="java version &quot;1.6" />
    <property name="javadoc.preview" value="true" />
    <property name="file.reference.commons-logging-1.1.1.jar" value="lib/commons-logging-1.1.1.jar" />
    <property name="java.home" value="/opt/java/jre" />
    <property name="libs.jsp-compilation.src" value="" />
    <property name="libs.spring-webmvc.src" value="" />
    <property name="debug.test.classpath" value="lib/commons-beanutils-1.8.3-javadoc.jar:lib/commons-beanutils-1.8.3-sources.jar:lib/commons-beanutils-1.8.3.jar:lib/commons-beanutils-bean-collections-1.8.3.jar:lib/commons-beanutils-core-1.8.3.jar:lib/commons-lang-2.6-javadoc.jar:lib/commons-lang-2.6-sources.jar:lib/commons-lang-2.6.jar:lib/commons-logging-1.1.1.jar:build/classes:/home/hiro/NetBeansProjects/phtom-library/lib/junit_4/junit-4.8.2.jar:build/test/classes" />
    <property name="libs.javaee-endorsed-api-6.0.classpath" value="/home/hiro/netbeans-7.0/enterprise/modules/ext/javaee6-endorsed/javax.annotation.jar:/home/hiro/netbeans-7.0/enterprise/modules/ext/javaee6-endorsed/jaxb-api-osgi.jar:/home/hiro/netbeans-7.0/enterprise/modules/ext/javaee6-endorsed/webservices-api-osgi.jar" />
    <property name="libs.javaee-api-6.0.src" value="" />
    <property name="netbeans.importclass" value="org.netbeans.upgrade.AutoUpgrade" />
    <property name="ant.project.default-target" value="default" />
    <property name="annotation.processing.run.all.processors" value="true" />
    <property name="libs.toplink.maven-pom" value="" />
    <property name="jar.archive.disabled" value="false" />
    <property name="jnlp.signing.alias" value="" />
    <property name="libs.PostgreSQLDriver.javadoc" value="" />
    <property name="libs.restlib.classpath" value="/home/hiro/netbeans-7.0/enterprise/modules/ext/rest/asm-3.1.jar:/home/hiro/netbeans-7.0/enterprise/modules/ext/rest/jackson-core-asl-1.1.1.jar:/home/hiro/netbeans-7.0/enterprise/modules/ext/rest/jersey-client-1.3.jar:/home/hiro/netbeans-7.0/enterprise/modules/ext/rest/jersey-core-1.3.jar:/home/hiro/netbeans-7.0/enterprise/modules/ext/rest/jersey-json-1.3.jar:/home/hiro/netbeans-7.0/enterprise/modules/ext/rest/jersey-multipart-1.3.jar:/home/hiro/netbeans-7.0/enterprise/modules/ext/rest/jersey-server-1.3.jar:/home/hiro/netbeans-7.0/enterprise/modules/ext/rest/jersey-spring-1.3.jar:/home/hiro/netbeans-7.0/enterprise/modules/ext/rest/jettison-1.1.jar:/home/hiro/netbeans-7.0/enterprise/modules/ext/rest/mimepull-1.4.jar:/home/hiro/netbeans-7.0/enterprise/modules/ext/rest/oauth-client-1.3.jar:/home/hiro/netbeans-7.0/enterprise/modules/ext/rest/oauth-signature-1.3.jar:/home/hiro/netbeans-7.0/ide/modules/ext/jaxb/activation.jar:/home/hiro/netbeans-7.0/ide/modules/ext/jaxb/api/jaxb-api.jar:/home/hiro/netbeans-7.0/ide/modules/ext/jaxb/api/jsr173_api.jar" />
    <property name="libs.MySQLDriver.maven-pom" value="" />
    <property name="file.reference.commons-beanutils-1.8.3-sources.jar" value="lib/commons-beanutils-1.8.3-sources.jar" />
    <property name="libraries.dir.nativedirsep" value="/home/hiro/NetBeansProjects/phtom-library/lib" />
    <property name="libs.junit_4.javadoc" value="/home/hiro/NetBeansProjects/phtom-library/lib/junit_4/junit-4.8.2-api.zip" />
    <property name="libs.spring-webmvc.javadoc" value="" />
    <property name="libs.toplink.src" value="" />
    <property name="libs.EclipseLink-GlassFish-v3.maven-pom" value="" />
    <property name="libs.javaee-web-api-6.0.maven-pom" value="" />
    <property name="run.classpath" value="lib/commons-beanutils-1.8.3-javadoc.jar:lib/commons-beanutils-1.8.3-sources.jar:lib/commons-beanutils-1.8.3.jar:lib/commons-beanutils-bean-collections-1.8.3.jar:lib/commons-beanutils-core-1.8.3.jar:lib/commons-lang-2.6-javadoc.jar:lib/commons-lang-2.6-sources.jar:lib/commons-lang-2.6.jar:lib/commons-logging-1.1.1.jar:build/classes" />
    <property name="libs.hibernate-support.src" value="" />
    <property name="ant.file.phtom-library-impl" value="/home/hiro/NetBeansProjects/phtom-library/nbproject/build-impl.xml" />
    <property name="libs.javaee-endorsed-api-6.0.javadoc" value="/home/hiro/netbeans-7.0/enterprise/docs/javaee6-doc-api.zip" />
    <property name="libs.spring-webmvc3.0.javadoc" value="" />
    <property name="annotation.processing.enabled.in.editor" value="false" />
    <property name="libs.restapi.src" value="" />
    <property name="sun.management.compiler" value="HotSpot 64-Bit Tiered Compilers" />
    <property name="javac.deprecation" value="false" />
    <property name="javadoc.use" value="true" />
    <property name="sun.java2d.noddraw" value="true" />
    <property name="libs.jsp-compiler.classpath" value="/home/hiro/netbeans-7.0/enterprise/ant/extra/jspcompile.jar" />
    <property name="javac.processorpath" value="lib/commons-beanutils-1.8.3-javadoc.jar:lib/commons-beanutils-1.8.3-sources.jar:lib/commons-beanutils-1.8.3.jar:lib/commons-beanutils-bean-collections-1.8.3.jar:lib/commons-beanutils-core-1.8.3.jar:lib/commons-lang-2.6-javadoc.jar:lib/commons-lang-2.6-sources.jar:lib/commons-lang-2.6.jar:lib/commons-logging-1.1.1.jar" />
    <property name="libs.spring-webmvc.classpath" value="/home/hiro/netbeans-7.0/enterprise/modules/ext/spring/spring-webmvc-2.5.6.SEC01.jar" />
    <property name="javac.compilerargs" value="" />
    <property name="ant.file" value="/home/hiro/NetBeansProjects/phtom-library/build.xml" />
    <property name="libs.beans-binding.maven-pom" value="" />
    <property name="jnlp.codebase.type" value="no.codebase" />
    <property name="libs.jsf12.classpath" value="/home/hiro/netbeans-7.0/enterprise/modules/ext/jsf-1_2/commons-beanutils.jar:/home/hiro/netbeans-7.0/enterprise/modules/ext/jsf-1_2/commons-collections.jar:/home/hiro/netbeans-7.0/enterprise/modules/ext/jsf-1_2/commons-digester.jar:/home/hiro/netbeans-7.0/enterprise/modules/ext/jsf-1_2/commons-logging.jar:/home/hiro/netbeans-7.0/enterprise/modules/ext/jsf-1_2/jsf-api.jar:/home/hiro/netbeans-7.0/enterprise/modules/ext/jsf-1_2/jsf-impl.jar" />
    <property name="sun.awt.exception.handler" value="org.netbeans.core.startup.TopLogging$AWTHandler" />
    <property name="libs.restapi.maven-pom" value="" />
    <property name="libs.beans-binding.src" value="" />
    <property name="java.vm.specification.vendor" value="Sun Microsystems Inc." />
    <property name="libs.swing-layout.src" value="/home/hiro/netbeans-7.0/platform/docs/swing-layout-1.0.4-src.zip" />
    <property name="libs.Java-EE-GlassFish-v3.embedabbleejb" value="" />
    <property name="org.openide.major.version" value="IDE/1" />
    <property name="java.vm.name" value="Java HotSpot(TM) 64-Bit Server VM" />
    <property name="netbeans.user" value="/home/hiro/.netbeans/7.0" />
    <property name="javadoc.additionalparam" value="" />
    <property name="jnlp.offline-allowed" value="false" />
    <property name="java.io.tmpdir" value="/tmp" />
    <property name="java.vendor.url" value="http://java.sun.com/" />
    <property name="endorsed.classpath.cmd.line.arg" value="" />
    <property name="libraries.basename" value="nblibraries" />
    <property name="libs.jsp-compiler.src" value="" />
    <property name="sun.boot.library.path" value="/opt/java/jre/lib/amd64" />
    <property name="have.sources" value="true" />
    <property name="file.reference.commons-beanutils-core-1.8.3.jar" value="lib/commons-beanutils-core-1.8.3.jar" />
    <property name="debug.classpath" value="lib/commons-beanutils-1.8.3-javadoc.jar:lib/commons-beanutils-1.8.3-sources.jar:lib/commons-beanutils-1.8.3.jar:lib/commons-beanutils-bean-collections-1.8.3.jar:lib/commons-beanutils-core-1.8.3.jar:lib/commons-lang-2.6-javadoc.jar:lib/commons-lang-2.6-sources.jar:lib/commons-lang-2.6.jar:lib/commons-logging-1.1.1.jar:build/classes" />
    <property name="javadoc.private" value="false" />
    <property name="ant.file.type.phtom-library-impl" value="file" />
    <property name="test.src.dir" value="test" />
    <property name="libs.jsf20.classpath" value="/home/hiro/netbeans-7.0/enterprise/modules/ext/jsf-2_0/jsf-api.jar:/home/hiro/netbeans-7.0/enterprise/modules/ext/jsf-2_0/jsf-impl.jar" />
    <property name="ap.processors.internal" value="" />
    <property name="meta.inf.dir" value="src/META-INF" />
    <property name="javadoc.encoding.used" value="UTF-8" />
    <property name="dist.jar" value="dist/phtom-library.jar" />
    <property name="java.runtime.name" value="Java(TM) SE Runtime Environment" />
    <property name="ant.project.name" value="phtom-library" />
    <property name="netbeans.hash.code" value="unique=NB_GFMOD_JAVA_TOMCAT_WEBEE0c4356714-8f96-4e39-b23a-d51aa30a1991_aadb4897-8307-413d-ae6e-70c6e31776fd" />
    <property name="libs.jsp-compilation-syscp.maven-pom" value="" />
    <property name="sun.cpu.isalist" value="" />
    <property name="libs.CopyLibs.javadoc" value="" />
    <property name="org.openide.specification.version" value="6.2" />
    <property name="file.reference.commons-lang-2.6.jar" value="lib/commons-lang-2.6.jar" />
    <property name="libs.hibernate-support.classpath" value="/home/hiro/netbeans-7.0/java/modules/ext/hibernate/antlr-2.7.6.jar:/home/hiro/netbeans-7.0/java/modules/ext/hibernate/asm.jar:/home/hiro/netbeans-7.0/java/modules/ext/hibernate/asm-attrs.jar:/home/hiro/netbeans-7.0/java/modules/ext/hibernate/cglib-2.1.3.jar:/home/hiro/netbeans-7.0/java/modules/ext/hibernate/commons-collections-2.1.1.jar:/home/hiro/netbeans-7.0/ide/modules/ext/commons-logging-1.1.jar:/home/hiro/netbeans-7.0/java/modules/ext/hibernate/dom4j-1.6.1.jar:/home/hiro/netbeans-7.0/java/modules/ext/hibernate/ehcache-1.2.3.jar:/home/hiro/netbeans-7.0/java/modules/ext/hibernate/jdbc2_0-stdext.jar:/home/hiro/netbeans-7.0/java/modules/ext/hibernate/jta.jar:/home/hiro/netbeans-7.0/java/modules/ext/hibernate/hibernate3.jar:/home/hiro/netbeans-7.0/java/modules/ext/hibernate/hibernate-tools.jar:/home/hiro/netbeans-7.0/java/modules/ext/hibernate/hibernate-annotations.jar:/home/hiro/netbeans-7.0/java/modules/ext/hibernate/hibernate-commons-annotations.jar:/home/hiro/netbeans-7.0/java/modules/ext/hibernate/hibernate-entitymanager.jar:/home/hiro/netbeans-7.0/java/modules/ext/hibernate/javassist.jar" />
    <property name="user.home" value="/home/hiro" />
    <property name="annotation.processing.processors.list" value="" />
    <property name="libs.primefaces.maven-pom" value="" />
    <property name="debug-args-line" value="-Xdebug" />
    <property name="libs.javaee-api-6.0.maven-pom" value="" />
    <property name="libs.JWSAntTasks.src" value="" />
    <property name="jar.index" value="false" />
    <property name="libs.CopyLibs.maven-pom" value="" />
    <property name="libs.spring-framework300.javadoc" value="" />
    <property name="libs.hibernate-persistence.maven-pom" value="" />
    <property name="libs.absolutelayout.javadoc" value="" />
    <property name="guice.disable.misplaced.annotation.check" value="true" />
    <property name="java.specification.name" value="Java Platform API Specification" />
    <property name="libs.swing-app-framework.maven-pom" value="" />
    <property name="nu.validator.spec.microsyntax-descriptions" value="jar:file:/home/hiro/netbeans-7.0/ide/modules/ext/validator.jar!/nu/validator/localentities/files/wiki_whatwg_org_wiki_MicrosyntaxDescriptions" />
    <property name="libraries.dir" value="/home/hiro/NetBeansProjects/phtom-library/lib" />
    <property name="jnlp.mixed.code" value="default" />
    <property name="java.specification.vendor" value="Sun Microsystems Inc." />
    <property name="libs.javac-api.classpath" value="/home/hiro/netbeans-7.0/java/modules/ext/javac-api-nb-7.0-b07.jar" />
    <property name="java.version" value="1.6.0_25" />
    <property name="javadoc.version" value="false" />
    <property name="libs.MySQLDriver.javadoc" value="" />
    <property name="org.openide.version" value="deprecated" />
    <property name="libs.restlib_gfv3ee6.maven-pom" value="" />
    <property name="source.encoding" value="UTF-8" />
    <property name="ap.cmd.line.internal" value="" />
    <property name="libs.eclipselinkmodelgen.maven-pom" value="" />
    <property name="libs.jsp-compilation-syscp.javadoc" value="" />
    <property name="libs.junit.maven-pom" value="" />
    <property name="libs.eclipselinkmodelgen.javadoc" value="" />
    <property name="libs.metro.javadoc" value="/home/hiro/netbeans-7.0/enterprise/docs/metro-1.4-doc.zip" />
    <property name="libs.struts.maven-pom" value="" />
    <property name="netbeans.home+have.tests" value="true" />
    <property name="annotation.processing.processor.options" value="" />
    <property name="libs.jaxb.src" value="" />
    <property name="libs.Java-EE-GlassFish-v3.wsgenerate" value="" />
    <property name="work.dir" value="/home/hiro/NetBeansProjects/phtom-library" />
    <property name="libs.jaxb.classpath" value="/home/hiro/netbeans-7.0/ide/modules/ext/jaxb/jaxb-impl.jar:/home/hiro/netbeans-7.0/ide/modules/ext/jaxb/jaxb-xjc.jar:/home/hiro/netbeans-7.0/ide/modules/ext/jaxb/jaxb1-impl.jar:/home/hiro/netbeans-7.0/ide/modules/ext/jaxb/activation.jar:/home/hiro/netbeans-7.0/ide/modules/ext/jaxb/api/jaxb-api.jar:/home/hiro/netbeans-7.0/ide/modules/ext/jaxb/api/jsr173_api.jar" />
    <property name="do.depend" value="true" />
    <property name="dist.javadoc.dir" value="dist/javadoc" />
    <property name="libs.swing-layout.classpath" value="/home/hiro/netbeans-7.0/platform/modules/ext/swing-layout-1.0.4.jar" />
    <property name="libs.spring-webmvc3.0.classpath" value="/home/hiro/netbeans-7.0/java/modules/ext/spring-3.0/spring-webmvc-3.0.2.RELEASE.jar" />
    <property name="libs.restlib.src" value="" />
    <property name="build.generated.dir" value="build/generated" />
    <property name="javac.source" value="1.6" />
    <property name="line.separator" value="&#xa;" />
    <property name="libs.hibernate-persistence.src" value="" />
    <property name="java.specification.version" value="1.6" />
    <property name="libraries.path" value="/home/hiro/NetBeansProjects/phtom-library/lib/nblibraries.properties" />
    <property name="libs.jaxws21.maven-pom" value="" />
    <property name="java.vm.info" value="mixed mode" />
    <property name="junit.forkmode" value="perTest" />
    <property name="libs.spring-framework.maven-pom" value="" />
    <property name="sun.boot.class.path" value="/opt/java/jre/lib/resources.jar:/opt/java/jre/lib/rt.jar:/opt/java/jre/lib/sunrsasign.jar:/opt/java/jre/lib/jsse.jar:/opt/java/jre/lib/jce.jar:/opt/java/jre/lib/charsets.jar:/opt/java/jre/lib/modules/jdk.boot.jar:/opt/java/jre/classes" />
    <property name="javac.target" value="1.6" />
    <property name="built-jar.properties" value="/home/hiro/NetBeansProjects/phtom-library/build/built-jar.properties" />
    <property name="build.test.classes.dir" value="build/test/classes" />
    <property name="src.dir" value="src" />
    <property name="annotation.processing.enabled" value="true" />
    <property name="libs.jsf20.src" value="" />
    <property name="libs.jsf12.src" value="" />
    <property name="libs.struts.javadoc" value="/home/hiro/netbeans-7.0/enterprise/docs/struts-1.3.8-javadoc.zip" />
    <property name="ignore.failing.tests" value="true" />
    <property name="libs.Comet-GlassFish-v3.classpath" value="/home/hiro/glassfish-3.1/glassfish/modules/grizzly-comet.jar" />
    <property name="libs.restlib_gfv3ee6.javadoc" value="/home/hiro/netbeans-7.0/enterprise/docs/jsr311-api-1.1.1-javadoc.zip:/home/hiro/netbeans-7.0/enterprise/docs/jersey-client-1.3-javadoc.zip:/home/hiro/netbeans-7.0/enterprise/docs/jersey-json-1.3-javadoc.zip:/home/hiro/netbeans-7.0/enterprise/docs/jersey-multipart-1.3-javadoc.zip" />
    <property name="libs.primefaces.src" value="" />
    <property name="dist.dir" value="dist" />
    <property name="securerandom.source" value="file:/dev/./urandom" />
    <property name="javac.fork" value="false" />
    <property name="java.awt.printerjob" value="sun.print.PSPrinterJob" />
    <property name="default.javac.source" value="1.6" />
    <property name="debug-transport-by-os" value="dt_socket" />
    <property name="sun.jnu.encoding" value="UTF-8" />
    <property name="libs.MySQLDriver.src" value="" />
    <property name="build.test.results.dir" value="build/test/results" />
    <property name="java.runtime.version" value="1.6.0_25-b06" />
    <property name="libs.ejb3-persistence.javadoc" value="" />
    <property name="jna.platform.library.path" value="/lib64" />
    <property name="default.javac.target" value="1.6" />
    <property name="libs.Java-EE-GlassFish-v3.src" value="" />
    <property name="libs.junit_4.classpath" value="/home/hiro/NetBeansProjects/phtom-library/lib/junit_4/junit-4.8.2.jar" />
    <property name="user.timezone" value="" />
    <property name="do.jar" value="true" />
    <property name="libs.javaee-endorsed-api-6.0.maven-pom" value="" />
    <property name="netbeans.dirs" value="/home/hiro/netbeans-7.0/nb:/home/hiro/netbeans-7.0/bin/../ergonomics:/home/hiro/netbeans-7.0/ide:/home/hiro/netbeans-7.0/java:/home/hiro/netbeans-7.0/bin/../xml:/home/hiro/netbeans-7.0/apisupport:/home/hiro/netbeans-7.0/bin/../webcommon:/home/hiro/netbeans-7.0/websvccommon:/home/hiro/netbeans-7.0/enterprise:/home/hiro/netbeans-7.0/bin/../mobility:/home/hiro/netbeans-7.0/profiler:/home/hiro/netbeans-7.0/ruby:/home/hiro/netbeans-7.0/bin/../python:/home/hiro/netbeans-7.0/bin/../php:/home/hiro/netbeans-7.0/bin/../visualweb:/home/hiro/netbeans-7.0/bin/../soa:/home/hiro/netbeans-7.0/bin/../identity:/home/hiro/netbeans-7.0/bin/../uml:/home/hiro/netbeans-7.0/harness:/home/hiro/netbeans-7.0/bin/../cnd:/home/hiro/netbeans-7.0/bin/../dlight:/home/hiro/netbeans-7.0/bin/../groovy:/home/hiro/netbeans-7.0/bin/../extra:/home/hiro/netbeans-7.0/bin/../javafx:/home/hiro/netbeans-7.0/bin/../javacard:" />
    <property name="libs.jsf20.javadoc" value="/home/hiro/netbeans-7.0/enterprise/docs/javaee6-doc-api.zip" />
    <property name="libs.restlib_gfv3ee6.src" value="" />
    <property name="java.ext.dirs" value="/opt/java/jre/lib/ext:/usr/java/packages/lib/ext" />
    <property name="libs.metro.src" value="" />
    <property name="endorsed.classpath" value="" />
    <property name="libs.absolutelayout.classpath" value="/home/hiro/netbeans-7.0/java/modules/ext/AbsoluteLayout.jar" />
    <property name="excludes" value="" />
    <property name="libs.restlib.maven-pom" value="" />
    <property name="libs.metro.classpath" value="/home/hiro/netbeans-7.0/ide/modules/ext/jaxb/activation.jar:/home/hiro/netbeans-7.0/enterprise/modules/ext/metro/webservices-api.jar:/home/hiro/netbeans-7.0/enterprise/modules/ext/metro/webservices-extra-api.jar:/home/hiro/netbeans-7.0/enterprise/modules/ext/metro/webservices-extra.jar:/home/hiro/netbeans-7.0/enterprise/modules/ext/metro/webservices-rt.jar:/home/hiro/netbeans-7.0/enterprise/modules/ext/metro/webservices-tools.jar" />
    <property name="java.class.path" value="/home/hiro/NetBeansProjects/phtom-library/lib/commons-beanutils-1.8.3-javadoc.jar:/home/hiro/NetBeansProjects/phtom-library/lib/commons-beanutils-1.8.3-sources.jar:/home/hiro/NetBeansProjects/phtom-library/lib/commons-beanutils-1.8.3.jar:/home/hiro/NetBeansProjects/phtom-library/lib/commons-beanutils-bean-collections-1.8.3.jar:/home/hiro/NetBeansProjects/phtom-library/lib/commons-beanutils-core-1.8.3.jar:/home/hiro/NetBeansProjects/phtom-library/lib/commons-lang-2.6-javadoc.jar:/home/hiro/NetBeansProjects/phtom-library/lib/commons-lang-2.6-sources.jar:/home/hiro/NetBeansProjects/phtom-library/lib/commons-lang-2.6.jar:/home/hiro/NetBeansProjects/phtom-library/lib/commons-logging-1.1.1.jar:/home/hiro/NetBeansProjects/phtom-library/build/classes:/home/hiro/NetBeansProjects/phtom-library/lib/junit_4/junit-4.8.2.jar:/home/hiro/NetBeansProjects/phtom-library/build/test/classes:/home/hiro/netbeans-7.0/java/ant/lib/ant-launcher.jar:/home/hiro/netbeans-7.0/java/ant/lib/ant.jar:/home/hiro/netbeans-7.0/java/ant/lib/ant-junit.jar:/home/hiro/netbeans-7.0/java/ant/lib/ant-junit4.jar" />
    <property name="apple.laf.useScreenMenuBar" value="true" />
    <property name="ant.file.phtom-library" value="/home/hiro/NetBeansProjects/phtom-library/build.xml" />
    <property name="libs.absolutelayout.src" value="" />
    <property name="os.version" value="2.6.38-ARCH" />
    <property name="build.generated.subdirs" value="/home/hiro/NetBeansProjects/phtom-library/build/generated-sources/ap-source-output" />
    <property name="application.args" value="" />
    <property name="libs.EclipseLink-GlassFish-v3.javadoc" value="/home/hiro/netbeans-7.0/enterprise/docs/javaee6-doc-api.zip" />
    <property name="libs.toplink.javadoc" value="" />
    <property name="libs.Comet-GlassFish-v3.src" value="" />
    <property name="libs.restlib.javadoc" value="/home/hiro/netbeans-7.0/enterprise/docs/jersey-client-1.3-javadoc.zip:/home/hiro/netbeans-7.0/enterprise/docs/jersey-core-1.1.5.1-javadoc.zip:/home/hiro/netbeans-7.0/enterprise/docs/jersey-json-1.3-javadoc.zip:/home/hiro/netbeans-7.0/enterprise/docs/jersey-multipart-1.3-javadoc.zip:/home/hiro/netbeans-7.0/enterprise/docs/jersey-spring-1.3-javadoc.zip:/home/hiro/netbeans-7.0/enterprise/docs/oauth-client-1.3-javadoc.zip:/home/hiro/netbeans-7.0/enterprise/docs/oauth-signature-1.3-javadoc.zip" />
    <property name="libs.eclipselink.classpath" value="/home/hiro/netbeans-7.0/java/modules/ext/eclipselink/eclipselink-2.2.0.jar:/home/hiro/netbeans-7.0/java/modules/ext/eclipselink/eclipselink-javax.persistence-2.0.jar" />
    <property name="libs.beans-binding.javadoc" value="/home/hiro/netbeans-7.0/java/docs/beansbinding-1.2.1-doc.zip" />
    <property name="java.awt.graphicsenv" value="sun.awt.X11GraphicsEnvironment" />
    <property name="libs.Java-EE-GlassFish-v3.classpath" value="/home/hiro/glassfish-3.1/glassfish/modules/javax.persistence.jar:/home/hiro/glassfish-3.1/glassfish/modules/endorsed/javax.annotation.jar:/home/hiro/glassfish-3.1/glassfish/modules/javax.transaction.jar:/home/hiro/glassfish-3.1/glassfish/modules/endorsed/jaxb-api-osgi.jar:/home/hiro/glassfish-3.1/glassfish/modules/javax.servlet.jar:/home/hiro/glassfish-3.1/glassfish/modules/jersey-core.jar:/home/hiro/glassfish-3.1/glassfish/modules/endorsed/webservices-api-osgi.jar:/home/hiro/glassfish-3.1/glassfish/modules/javax.management.j2ee.jar:/home/hiro/glassfish-3.1/glassfish/modules/jsf-api.jar:/home/hiro/glassfish-3.1/glassfish/modules/jsf-impl.jar:/home/hiro/glassfish-3.1/glassfish/modules/weld-osgi-bundle.jar:/home/hiro/glassfish-3.1/glassfish/modules/javax.enterprise.deploy.jar:/home/hiro/glassfish-3.1/glassfish/modules/javax.resource.jar:/home/hiro/glassfish-3.1/glassfish/modules/javax.jms.jar:/home/hiro/glassfish-3.1/glassfish/modules/jaxrpc-api-osgi.jar:/home/hiro/glassfish-3.1/glassfish/modules/javax.ejb.jar:/home/hiro/glassfish-3.1/glassfish/modules/javax.servlet.jsp.jstl.jar:/home/hiro/glassfish-3.1/glassfish/modules/javax.mail.jar:/home/hiro/glassfish-3.1/glassfish/modules/javax.servlet.jsp.jar:/home/hiro/glassfish-3.1/glassfish/modules/javax.security.auth.message.jar:/home/hiro/glassfish-3.1/glassfish/modules/jstl-impl.jar:/home/hiro/glassfish-3.1/glassfish/modules/javax.security.jacc.jar:/home/hiro/glassfish-3.1/glassfish/modules/bean-validator.jar:/home/hiro/glassfish-3.1/glassfish/modules/web-core.jar:/home/hiro/glassfish-3.1/glassfish/modules/jackson-core-asl.jar:/home/hiro/glassfish-3.1/glassfish/modules/jackson-jaxrs.jar:/home/hiro/glassfish-3.1/glassfish/modules/jackson-mapper-asl.jar:/home/hiro/glassfish-3.1/glassfish/modules/jersey-client.jar:/home/hiro/glassfish-3.1/glassfish/modules/jersey-core.jar:/home/hiro/glassfish-3.1/glassfish/modules/jersey-gf-server.jar:/home/hiro/glassfish-3.1/glassfish/modules/jersey-json.jar:/home/hiro/glassfish-3.1/glassfish/modules/jersey-multipart.jar:/home/hiro/glassfish-3.1/glassfish/modules/jettison.jar:/home/hiro/glassfish-3.1/glassfish/modules/mimepull.jar" />
    <property name="java.vm.vendor" value="Sun Microsystems Inc." />
    <property name="libs.CopyLibs.classpath" value="/home/hiro/NetBeansProjects/phtom-library/lib/CopyLibs/org-netbeans-modules-java-j2seproject-copylibstask.jar" />
    <property name="libs.spring-framework300.classpath" value="/home/hiro/netbeans-7.0/ide/modules/ext/commons-logging-1.1.jar:/home/hiro/netbeans-7.0/java/modules/ext/cglib-2.2.jar:/home/hiro/netbeans-7.0/java/modules/ext/spring-3.0/spring-aop-3.0.2.RELEASE.jar:/home/hiro/netbeans-7.0/java/modules/ext/spring-3.0/spring-asm-3.0.2.RELEASE.jar:/home/hiro/netbeans-7.0/java/modules/ext/spring-3.0/spring-aspects-3.0.2.RELEASE.jar:/home/hiro/netbeans-7.0/java/modules/ext/spring-3.0/spring-beans-3.0.2.RELEASE.jar:/home/hiro/netbeans-7.0/java/modules/ext/spring-3.0/spring-context-3.0.2.RELEASE.jar:/home/hiro/netbeans-7.0/java/modules/ext/spring-3.0/spring-context-support-3.0.2.RELEASE.jar:/home/hiro/netbeans-7.0/java/modules/ext/spring-3.0/spring-core-3.0.2.RELEASE.jar:/home/hiro/netbeans-7.0/java/modules/ext/spring-3.0/spring-expression-3.0.2.RELEASE.jar:/home/hiro/netbeans-7.0/java/modules/ext/spring-3.0/spring-instrument-3.0.2.RELEASE.jar:/home/hiro/netbeans-7.0/java/modules/ext/spring-3.0/spring-instrument-tomcat-3.0.2.RELEASE.jar:/home/hiro/netbeans-7.0/java/modules/ext/spring-3.0/spring-jdbc-3.0.2.RELEASE.jar:/home/hiro/netbeans-7.0/java/modules/ext/spring-3.0/spring-jms-3.0.2.RELEASE.jar:/home/hiro/netbeans-7.0/java/modules/ext/spring-3.0/spring-orm-3.0.2.RELEASE.jar:/home/hiro/netbeans-7.0/java/modules/ext/spring-3.0/spring-oxm-3.0.2.RELEASE.jar:/home/hiro/netbeans-7.0/java/modules/ext/spring-3.0/spring-test-3.0.2.RELEASE.jar:/home/hiro/netbeans-7.0/java/modules/ext/spring-3.0/spring-tx-3.0.2.RELEASE.jar:/home/hiro/netbeans-7.0/java/modules/ext/spring-3.0/spring-web-3.0.2.RELEASE.jar:/home/hiro/netbeans-7.0/java/modules/ext/spring-3.0/spring-webmvc-portlet-3.0.2.RELEASE.jar:/home/hiro/netbeans-7.0/java/modules/ext/spring-3.0/spring-webmvc-3.0.2.RELEASE.jar:/home/hiro/netbeans-7.0/java/modules/ext/spring-3.0/spring-struts-3.0.2.RELEASE.jar" />
    <property name="libs.jsp-compiler.maven-pom" value="" />
    <property name="libs.Java-EE-GlassFish-v3.wsinterop" value="" />
    <property name="libs.spring-webmvc.maven-pom" value="" />
    <property name="run.jvmargs" value="" />
    <property name="libs.ejb3-persistence.classpath" value="/home/hiro/netbeans-7.0/java/modules/ext/hibernate/ejb3-persistence.jar" />
    <property name="libs.spring-framework.javadoc" value="" />
    <property name="libs.PostgreSQLDriver.classpath" value="/home/hiro/netbeans-7.0/ide/modules/ext/postgresql-8.3-603.jdbc3.jar" />
    <property name="file.reference.commons-lang-2.6-javadoc.jar" value="lib/commons-lang-2.6-javadoc.jar" />
    <property name="libs.jsf12.maven-pom" value="" />
    <property name="jnlp.signing" value="" />
    <property name="libs.junit.src" value="" />
    <property name="annotation.processing.source.output" value="build/generated-sources/ap-source-output" />
    <property name="jnlp.signed" value="false" />
    <property name="libs.CopyLibs.src" value="" />
    <property name="build.dir" value="build" />
    <property name="libs.jsp-compilation.classpath" value="/home/hiro/netbeans-7.0/java/ant/lib/ant.jar:/home/hiro/netbeans-7.0/enterprise/modules/ext/servlet3.0-jsp2.2-api.jar:/home/hiro/netbeans-7.0/enterprise/modules/ext/glassfish-jspparser-3.0.jar:/home/hiro/netbeans-7.0/enterprise/modules/ext/jsf-2_0/jsf-api.jar:/home/hiro/netbeans-7.0/enterprise/modules/ext/jstl.jar:/home/hiro/netbeans-7.0/java/ant/lib/ant-launcher.jar" />
    <property name="ant.version" value="Apache Ant(TM) version 1.8.2 compiled on December 20 2010" />
    <property name="file.encoding" value="UTF-8" />
    <property name="build.classes.excludes" value="**/*.java,**/*.form" />
    <property name="jdkBug6558476" value="false" />
    <property name="javadoc.nonavbar" value="false" />
    <property name="platform.active" value="default_platform" />
  </properties>
  <testcase classname="util.BeanUtilsTest" name="testConvert" time="0.05">
    <error message="java.lang.NoSuchMethodException: Property &apos;id&apos; has no getter method in class &apos;class util.BeanUtilsTest$Item&apos;" type="util.ConvertException">util.ConvertException: java.lang.NoSuchMethodException: Property &apos;id&apos; has no getter method in class &apos;class util.BeanUtilsTest$Item&apos;
	at util.BeanUtils.convert(BeanUtils.java:29)
	at util.BeanUtilsTest.testConvert(BeanUtilsTest.java:76)
Caused by: java.lang.NoSuchMethodException: Property &apos;id&apos; has no getter method in class &apos;class util.BeanUtilsTest$Item&apos;
	at org.apache.commons.beanutils.PropertyUtilsBean.getSimpleProperty(PropertyUtilsBean.java:1327)
	at org.apache.commons.beanutils.PropertyUtilsBean.getNestedProperty(PropertyUtilsBean.java:770)
	at org.apache.commons.beanutils.BeanUtilsBean.getNestedProperty(BeanUtilsBean.java:715)
	at org.apache.commons.beanutils.BeanUtilsBean.getProperty(BeanUtilsBean.java:741)
	at org.apache.commons.beanutils.BeanUtils.getProperty(BeanUtils.java:382)
	at util.BeanUtils.convert(BeanUtils.java:22)
</error>
  </testcase>
  <system-out><![CDATA[]]></system-out>
  <system-err><![CDATA[]]></system-err>
</testsuite>
